\BOOKMARK [1][-]{section.1}{\376\377\137\025\212\000}{}% 1
\BOOKMARK [2][-]{subsection.1.1}{\376\377\170\024\172\166\200\314\146\157}{section.1}% 2
\BOOKMARK [2][-]{subsection.1.2}{\376\377\170\024\172\166\145\271\154\325}{section.1}% 3
\BOOKMARK [2][-]{subsection.1.3}{\376\377\170\024\172\166\225\356\230\230}{section.1}% 4
\BOOKMARK [3][-]{subsubsection.1.3.1}{\376\377\145\160\143\156\166\204\122\250\140\001\140\047\215\050}{subsection.1.3}% 5
\BOOKMARK [3][-]{subsubsection.1.3.2}{\376\377\177\072\116\117\220\032\165\050\147\057\213\355}{subsection.1.3}% 6
\BOOKMARK [3][-]{subsubsection.1.3.3}{\376\377\177\072\116\117\145\342\133\232\166\204\137\072\131\047\127\372\176\277\377\010\131\047\131\032\145\160\170\024\172\166\116\015\116\016\121\166\116\326\000D\000G\000N\000N\153\324\217\203\140\047\200\375\377\011}{subsection.1.3}% 7
\BOOKMARK [3][-]{subsubsection.1.3.4}{\376\377\171\273\145\143\124\214\217\336\176\355\000D\000G\000N\000N\116\113\225\364\166\204\236\077\154\237}{subsection.1.3}% 8
\BOOKMARK [3][-]{subsubsection.1.3.5}{\376\377\131\047\221\317\166\204\133\236\232\214\213\276\213\241\220\011\142\351}{subsection.1.3}% 9
\BOOKMARK [1][-]{section.2}{\376\377\166\370\121\163\170\024\172\166\152\041\127\213\116\016\145\160\143\156\226\306}{}% 10
\BOOKMARK [2][-]{subsection.2.1}{\376\377\166\370\121\163\145\160\143\156\226\306}{section.2}% 11
\BOOKMARK [3][-]{subsubsection.2.1.1}{\376\377\000E\000n\000r\000o\000n}{subsection.2.1}% 12
\BOOKMARK [3][-]{subsubsection.2.1.2}{\376\377\000U\000C\000\040\000I\000r\000v\000i\000n\000e\000\040\000M\000e\000s\000s\000a\000g\000e\000s}{subsection.2.1}% 13
\BOOKMARK [3][-]{subsubsection.2.1.3}{\376\377\000B\000i\000t\000c\000o\000i\000n\000-\000O\000T\000C}{subsection.2.1}% 14
\BOOKMARK [3][-]{subsubsection.2.1.4}{\376\377\000A\000u\000t\000o\000n\000o\000m\000o\000u\000s\000-\000s\000y\000s\000t\000e\000m\000s}{subsection.2.1}% 15
\BOOKMARK [3][-]{subsubsection.2.1.5}{\376\377\000W\000i\000k\000i\000p\000e\000d\000i\000a}{subsection.2.1}% 16
\BOOKMARK [3][-]{subsubsection.2.1.6}{\376\377\000R\000e\000d\000d\000i\000t}{subsection.2.1}% 17
\BOOKMARK [2][-]{subsection.2.2}{\376\377\166\370\121\163\170\024\172\166\152\041\127\213}{section.2}% 18
\BOOKMARK [3][-]{subsubsection.2.2.1}{\376\377\000G\000C\000N}{subsection.2.2}% 19
\BOOKMARK [3][-]{subsubsection.2.2.2}{\376\377\000G\000A\000T}{subsection.2.2}% 20
\BOOKMARK [3][-]{subsubsection.2.2.3}{\376\377\000G\000C\000-\000L\000S\000T\000M}{subsection.2.2}% 21
\BOOKMARK [3][-]{subsubsection.2.2.4}{\376\377\000T\000G\000A\000T}{subsection.2.2}% 22
\BOOKMARK [1][-]{section.3}{\376\377\166\370\121\163\145\271\154\325}{}% 23
\BOOKMARK [2][-]{subsection.3.1}{\376\377\000G\000r\000a\000p\000h\000\040\000C\000o\000n\000v\000o\000l\000u\000t\000i\000o\000n\000a\000l\000\040\000N\000e\000t\000w\000o\000r\000k\000s\000\040\000\050\000G\000C\000N\000\051}{section.3}% 24
\BOOKMARK [3][-]{subsubsection.3.1.1}{\376\377\000G\000r\000a\000p\000h\000\040\000A\000t\000t\000e\000n\000t\000i\000o\000n\000\040\000N\000e\000t\000w\000o\000r\000k\000s\000\040\000\050\000G\000A\000T\000\051}{subsection.3.1}% 25
\BOOKMARK [3][-]{subsubsection.3.1.2}{\376\377\000G\000r\000a\000p\000h\000\040\000C\000o\000n\000v\000o\000l\000u\000t\000i\000o\000n\000\040\000E\000m\000b\000e\000d\000d\000e\000d\000\040\000L\000S\000T\000M}{subsection.3.1}% 26
\BOOKMARK [3][-]{subsubsection.3.1.3}{\376\377\000T\000G\000A\000T}{subsection.3.1}% 27
\BOOKMARK [1][-]{section.4}{\376\377\176\323\213\272}{}% 28
\BOOKMARK [1][-]{section*.1}{\376\377\123\302\200\003\145\207\163\056}{}% 29
